<?xml version="1.0" encoding="UTF-8"?>
<testsuite xmlns:xsi="http://www.w3.org/2001/XMLSchema-instance" xsi:noNamespaceSchemaLocation="https://maven.apache.org/surefire/maven-surefire-plugin/xsd/surefire-test-report-3.0.xsd" version="3.0" name="com.jasmine.consumer.ConsumerApplicationTests" time="10.12" tests="1" errors="0" skipped="0" failures="0">
  <properties>
[...]
</properties>
  <testcase name="contextLoads" classname="com.jasmine.consumer.ConsumerApplicationTests" time="2.69">
    <system-out><![CDATA[08:55:02.337 [main] INFO org.springframework.test.context.support.AnnotationConfigContextLoaderUtils -- Could not detect default configuration classes for test class [com.jasmine.consumer.ConsumerApplicationTests]: ConsumerApplicationTests does not declare any static, non-private, non-final, nested classes annotated with @Configuration.
08:55:02.895 [main] INFO org.springframework.boot.test.context.SpringBootTestContextBootstrapper -- Found @SpringBootConfiguration com.jasmine.consumer.ConsumerApplication for test class com.jasmine.consumer.ConsumerApplicationTests

  .   ____          _            __ _ _
 /\\ / ___'_ __ _ _(_)_ __  __ _ \ \ \ \
( ( )\___ | '_ | '_| | '_ \/ _` | \ \ \ \
 \\/  ___)| |_)| | | | | || (_| |  ) ) ) )
  '  |____| .__|_| |_|_| |_\__, | / / / /
 =========|_|==============|___/=/_/_/_/
 :: Spring Boot ::                (v3.2.5)

2026-05-13T08:55:04.381+07:00  INFO 25484 --- [consumer] [           main] c.j.consumer.ConsumerApplicationTests    : Starting ConsumerApplicationTests using Java 22.0.2 with PID 25484 (started by Jasminee in D:\SEMESTER 4\microservice\consumer)
2026-05-13T08:55:04.384+07:00  INFO 25484 --- [consumer] [           main] c.j.consumer.ConsumerApplicationTests    : No active profile set, falling back to 1 default profile: "default"
2026-05-13T08:55:08.036+07:00  INFO 25484 --- [consumer] [           main] o.s.a.r.c.CachingConnectionFactory       : Attempting to connect to: [localhost:5672]
2026-05-13T08:55:08.806+07:00  INFO 25484 --- [consumer] [           main] o.s.a.r.c.CachingConnectionFactory       : Created new connection: rabbitConnectionFactory#7c847072:0/SimpleConnection@5b5a4aed [delegate=amqp://guest@127.0.0.1:5672/, localPort=62548]
2026-05-13T08:55:08.833+07:00  INFO 25484 --- [consumer] [           main] o.s.amqp.rabbit.core.RabbitAdmin         : Auto-declaring a non-durable, auto-delete, or exclusive Queue (myQueue) durable:false, auto-delete:false, exclusive:false. It will be redeclared if the broker stops and is restarted while the connection factory is alive, but all messages will be lost.
2026-05-13T08:55:09.157+07:00  INFO 25484 --- [consumer] [           main] c.j.consumer.ConsumerApplicationTests    : Started ConsumerApplicationTests in 5.832 seconds (process running for 9.642)
]]></system-out>
    <system-err><![CDATA[WARNING: A Java agent has been loaded dynamically (C:\Users\WINDOWS\.m2\repository\net\bytebuddy\byte-buddy-agent\1.14.13\byte-buddy-agent-1.14.13.jar)
WARNING: If a serviceability tool is in use, please run with -XX:+EnableDynamicAgentLoading to hide this warning
WARNING: If a serviceability tool is not in use, please run with -Djdk.instrument.traceUsage for more information
WARNING: Dynamic loading of agents will be disallowed by default in a future release
]]></system-err>
  </testcase>
</testsuite>